<?xml version="1.0" encoding="UTF-8"?>
<!-- Generated by org.testng.reporters.JUnitReportReporter -->
<testsuite skipped="0" hostname="IBM-Testing01" name="Democlass" tests="4" failures="0" timestamp="04 Mar 2020 04:30:15 GMT" time="17.705" errors="0">
  <testcase name="checktitle" time="0.015" classname="Democlass"/>
  <testcase name="loginapp" time="3.150" classname="Democlass"/>
  <testcase name="startapp" time="13.103" classname="Democlass"/>
  <testcase name="signoff" time="1.437" classname="Democlass"/>
</testsuite> <!-- Democlass -->
