<?xml version="1.0" encoding="UTF-8"?>
<!-- Generated by org.testng.reporters.JUnitReportReporter -->
<testsuite skipped="0" hostname="IBM-Testing01" name="grouppackage.Groupsdemo" tests="3" failures="0" timestamp="04 Mar 2020 10:10:58 GMT" time="0.016" errors="0">
  <testcase name="test3" time="0.000" classname="grouppackage.Groupsdemo"/>
  <testcase name="test2" time="0.000" classname="grouppackage.Groupsdemo"/>
  <testcase name="test1" time="0.016" classname="grouppackage.Groupsdemo"/>
</testsuite> <!-- grouppackage.Groupsdemo -->
