<?xml version="1.0" encoding="UTF-8"?>
<!-- Generated by org.testng.reporters.JUnitReportReporter -->
<testsuite skipped="0" hostname="IBM-Testing01" name="paralleldemo.paralleltstngdemo" tests="2" failures="0" timestamp="05 Mar 2020 08:14:43 GMT" time="32.749" errors="0">
  <testcase name="login1" time="16.973" classname="paralleldemo.paralleltstngdemo"/>
  <testcase name="login" time="15.776" classname="paralleldemo.paralleltstngdemo"/>
</testsuite> <!-- paralleldemo.paralleltstngdemo -->
