<?xml version="1.0" encoding="UTF-8"?>
<!-- Generated by org.testng.reporters.JUnitReportReporter -->
<testsuite skipped="0" hostname="IBM-Testing01" name="listenerpackage.Googledemo" tests="2" failures="0" timestamp="04 Mar 2020 10:14:13 GMT" time="26.334" errors="0">
  <testcase name="checkurl" time="13.931" classname="listenerpackage.Googledemo"/>
  <testcase name="checklogo" time="12.403" classname="listenerpackage.Googledemo"/>
</testsuite> <!-- listenerpackage.Googledemo -->
