<?xml version="1.0" encoding="UTF-8"?>
<!-- Generated by org.testng.reporters.JUnitReportReporter -->
<testsuite skipped="0" hostname="IBM-Testing01" name="grouppackage.groups1demo" tests="4" failures="0" timestamp="04 Mar 2020 09:27:10 GMT" time="0.024" errors="0">
  <testcase name="test2" time="0.004" classname="grouppackage.groups1demo"/>
  <testcase name="test4" time="0.000" classname="grouppackage.groups1demo"/>
  <testcase name="test3" time="0.004" classname="grouppackage.groups1demo"/>
  <testcase name="test1" time="0.016" classname="grouppackage.groups1demo"/>
</testsuite> <!-- grouppackage.groups1demo -->
