<?xml version="1.0" encoding="UTF-8"?>
<!-- Generated by org.testng.reporters.JUnitReportReporter -->
<testsuite skipped="0" hostname="IBM-Testing01" name="Annotationdescription" tests="3" failures="0" timestamp="04 Mar 2020 03:46:11 GMT" time="0.036" errors="0">
  <testcase name="startapp" time="0.020" classname="Annotationdescription"/>
  <testcase name="loginapp" time="0.000" classname="Annotationdescription"/>
  <testcase name="signoff" time="0.016" classname="Annotationdescription"/>
</testsuite> <!-- Annotationdescription -->
