<?xml version="1.0" encoding="UTF-8"?>
<!-- Generated by org.testng.reporters.JUnitReportReporter -->
<testsuite skipped="0" hostname="IBM-Testing01" name="Googledemo" tests="2" failures="0" timestamp="04 Mar 2020 08:17:13 GMT" time="28.933" errors="0">
  <testcase name="checklogo" time="13.704" classname="Googledemo"/>
  <testcase name="checkurl" time="15.229" classname="Googledemo"/>
</testsuite> <!-- Googledemo -->
